This is pdfTeX, Version 3.141592653-2.6-1.40.22 (MiKTeX 21.2) (preloaded format=pdflatex 2021.3.3)  13 SEP 2021 12:05
entering extended mode
**./project_main.tex
(project_main.tex
LaTeX2e <2020-10-01> patch level 4
L3 programming layer <2021-02-18> xparse <2020-03-03> (IEEEtran.cls
Document Class: IEEEtran 2015/08/26 V1.8b by Michael Shell
-- See the "IEEEtran_HOWTO" manual for usage information.
-- http://www.michaelshell.org/tex/ieeetran/
\@IEEEtrantmpdimenA=\dimen138
\@IEEEtrantmpdimenB=\dimen139
\@IEEEtrantmpdimenC=\dimen140
\@IEEEtrantmpcountA=\count179
\@IEEEtrantmpcountB=\count180
\@IEEEtrantmpcountC=\count181
\@IEEEtrantmptoksA=\toks15
LaTeX Font Info:    Trying to load font information for OT1+ptm on input line 5
03.
(D:\MiKTex\tex/latex/psnfss\ot1ptm.fd
File: ot1ptm.fd 2001/06/04 font definitions for OT1/ptm.
)
-- Using 8.5in x 11in (letter) paper.
-- Using PDF output.
\@IEEEnormalsizeunitybaselineskip=\dimen141
-- This is a 10 point document.
\CLASSINFOnormalsizebaselineskip=\dimen142
\CLASSINFOnormalsizeunitybaselineskip=\dimen143
\IEEEnormaljot=\dimen144
LaTeX Font Info:    Font shape `OT1/ptm/bx/n' in size <5> not available
(Font)              Font shape `OT1/ptm/b/n' tried instead on input line 1090.
LaTeX Font Info:    Font shape `OT1/ptm/bx/it' in size <5> not available
(Font)              Font shape `OT1/ptm/b/it' tried instead on input line 1090.

LaTeX Font Info:    Font shape `OT1/ptm/bx/n' in size <7> not available
(Font)              Font shape `OT1/ptm/b/n' tried instead on input line 1090.
LaTeX Font Info:    Font shape `OT1/ptm/bx/it' in size <7> not available
(Font)              Font shape `OT1/ptm/b/it' tried instead on input line 1090.

LaTeX Font Info:    Font shape `OT1/ptm/bx/n' in size <8> not available
(Font)              Font shape `OT1/ptm/b/n' tried instead on input line 1090.
LaTeX Font Info:    Font shape `OT1/ptm/bx/it' in size <8> not available
(Font)              Font shape `OT1/ptm/b/it' tried instead on input line 1090.

LaTeX Font Info:    Font shape `OT1/ptm/bx/n' in size <9> not available
(Font)              Font shape `OT1/ptm/b/n' tried instead on input line 1090.
LaTeX Font Info:    Font shape `OT1/ptm/bx/it' in size <9> not available
(Font)              Font shape `OT1/ptm/b/it' tried instead on input line 1090.

LaTeX Font Info:    Font shape `OT1/ptm/bx/n' in size <10> not available
(Font)              Font shape `OT1/ptm/b/n' tried instead on input line 1090.
LaTeX Font Info:    Font shape `OT1/ptm/bx/it' in size <10> not available
(Font)              Font shape `OT1/ptm/b/it' tried instead on input line 1090.

LaTeX Font Info:    Font shape `OT1/ptm/bx/n' in size <11> not available
(Font)              Font shape `OT1/ptm/b/n' tried instead on input line 1090.
LaTeX Font Info:    Font shape `OT1/ptm/bx/it' in size <11> not available
(Font)              Font shape `OT1/ptm/b/it' tried instead on input line 1090.

LaTeX Font Info:    Font shape `OT1/ptm/bx/n' in size <12> not available
(Font)              Font shape `OT1/ptm/b/n' tried instead on input line 1090.
LaTeX Font Info:    Font shape `OT1/ptm/bx/it' in size <12> not available
(Font)              Font shape `OT1/ptm/b/it' tried instead on input line 1090.

LaTeX Font Info:    Font shape `OT1/ptm/bx/n' in size <17> not available
(Font)              Font shape `OT1/ptm/b/n' tried instead on input line 1090.
LaTeX Font Info:    Font shape `OT1/ptm/bx/it' in size <17> not available
(Font)              Font shape `OT1/ptm/b/it' tried instead on input line 1090.

LaTeX Font Info:    Font shape `OT1/ptm/bx/n' in size <20> not available
(Font)              Font shape `OT1/ptm/b/n' tried instead on input line 1090.
LaTeX Font Info:    Font shape `OT1/ptm/bx/it' in size <20> not available
(Font)              Font shape `OT1/ptm/b/it' tried instead on input line 1090.

LaTeX Font Info:    Font shape `OT1/ptm/bx/n' in size <24> not available
(Font)              Font shape `OT1/ptm/b/n' tried instead on input line 1090.
LaTeX Font Info:    Font shape `OT1/ptm/bx/it' in size <24> not available
(Font)              Font shape `OT1/ptm/b/it' tried instead on input line 1090.

\IEEEquantizedlength=\dimen145
\IEEEquantizedlengthdiff=\dimen146
\IEEEquantizedtextheightdiff=\dimen147
\IEEEilabelindentA=\dimen148
\IEEEilabelindentB=\dimen149
\IEEEilabelindent=\dimen150
\IEEEelabelindent=\dimen151
\IEEEdlabelindent=\dimen152
\IEEElabelindent=\dimen153
\IEEEiednormlabelsep=\dimen154
\IEEEiedmathlabelsep=\dimen155
\IEEEiedtopsep=\skip47
\c@section=\count182
\c@subsection=\count183
\c@subsubsection=\count184
\c@paragraph=\count185
\c@IEEEsubequation=\count186
\abovecaptionskip=\skip48
\belowcaptionskip=\skip49
\c@figure=\count187
\c@table=\count188
\@IEEEeqnnumcols=\count189
\@IEEEeqncolcnt=\count190
\@IEEEsubeqnnumrollback=\count191
\@IEEEquantizeheightA=\dimen156
\@IEEEquantizeheightB=\dimen157
\@IEEEquantizeheightC=\dimen158
\@IEEEquantizeprevdepth=\dimen159
\@IEEEquantizemultiple=\count192
\@IEEEquantizeboxA=\box47
\@IEEEtmpitemindent=\dimen160
\IEEEPARstartletwidth=\dimen161
\c@IEEEbiography=\count193
\@IEEEtranrubishbin=\box48
) (D:\MiKTex\tex/latex/amsmath\amsmath.sty
Package: amsmath 2020/09/23 v2.17i AMS math features
\@mathmargin=\skip50

For additional information on amsmath, use the `?' option.
(D:\MiKTex\tex/latex/amsmath\amstext.sty
Package: amstext 2000/06/29 v2.01 AMS text

(D:\MiKTex\tex/latex/amsmath\amsgen.sty
File: amsgen.sty 1999/11/30 v2.0 generic functions
\@emptytoks=\toks16
\ex@=\dimen162
))
(D:\MiKTex\tex/latex/amsmath\amsbsy.sty
Package: amsbsy 1999/11/29 v1.2d Bold Symbols
\pmbraise@=\dimen163
)
(D:\MiKTex\tex/latex/amsmath\amsopn.sty
Package: amsopn 2016/03/08 v2.02 operator names
)
\inf@bad=\count194
LaTeX Info: Redefining \frac on input line 234.
\uproot@=\count195
\leftroot@=\count196
LaTeX Info: Redefining \overline on input line 399.
\classnum@=\count197
\DOTSCASE@=\count198
LaTeX Info: Redefining \ldots on input line 496.
LaTeX Info: Redefining \dots on input line 499.
LaTeX Info: Redefining \cdots on input line 620.
\Mathstrutbox@=\box49
\strutbox@=\box50
\big@size=\dimen164
LaTeX Font Info:    Redeclaring font encoding OML on input line 743.
LaTeX Font Info:    Redeclaring font encoding OMS on input line 744.
\macc@depth=\count199
\c@MaxMatrixCols=\count266
\dotsspace@=\muskip16
\c@parentequation=\count267
\dspbrk@lvl=\count268
\tag@help=\toks17
\row@=\count269
\column@=\count270
\maxfields@=\count271
\andhelp@=\toks18
\eqnshift@=\dimen165
\alignsep@=\dimen166
\tagshift@=\dimen167
\tagwidth@=\dimen168
\totwidth@=\dimen169
\lineht@=\dimen170
\@envbody=\toks19
\multlinegap=\skip51
\multlinetaggap=\skip52
\mathdisplay@stack=\toks20
LaTeX Info: Redefining \[ on input line 2923.
LaTeX Info: Redefining \] on input line 2924.
)
(D:\MiKTex\tex/latex/latex-tools\bm.sty
Package: bm 2019/07/24 v1.2d Bold Symbol Support (DPC/FMi)
\symboldoperators=\mathgroup4
\symboldletters=\mathgroup5
\symboldsymbols=\mathgroup6
LaTeX Font Info:    Redeclaring math alphabet \mathbf on input line 141.
LaTeX Info: Redefining \bm on input line 209.
) (D:\MiKTex\tex/latex/breqn\breqn.sty
(D:\MiKTex\tex/latex/l3kernel\expl3.sty
Package: expl3 2021-02-18 L3 programming layer (loader) 

(D:\MiKTex\tex/latex/l3backend\l3backend-pdftex.def
File: l3backend-pdftex.def 2021-02-18 L3 backend support: PDF output (pdfTeX)
\l__color_backend_stack_int=\count272
\l__pdf_internal_box=\box51
))
Package: breqn 2020/09/24 v0.98k Breaking equations

(D:\MiKTex\tex/latex/graphics\graphicx.sty
Package: graphicx 2020/09/09 v1.2b Enhanced LaTeX Graphics (DPC,SPQR)

(D:\MiKTex\tex/latex/graphics\keyval.sty
Package: keyval 2014/10/28 v1.15 key=value parser (DPC)
\KV@toks@=\toks21
)
(D:\MiKTex\tex/latex/graphics\graphics.sty
Package: graphics 2020/08/30 v1.4c Standard LaTeX Graphics (DPC,SPQR)

(D:\MiKTex\tex/latex/graphics\trig.sty
Package: trig 2016/01/03 v1.10 sin cos tan (DPC)
)
(D:\MiKTex\tex/latex/graphics-cfg\graphics.cfg
File: graphics.cfg 2016/06/04 v1.11 sample graphics configuration
)
Package graphics Info: Driver file: pdftex.def on input line 105.

(D:\MiKTex\tex/latex/graphics-def\pdftex.def
File: pdftex.def 2020/10/05 v1.2a Graphics/color driver for pdftex
))
\Gin@req@height=\dimen171
\Gin@req@width=\dimen172
)
(D:\MiKTex\tex/latex/breqn\flexisym.sty
Package: flexisym 2020/09/24 v0.98k Make math characters macros
LaTeX Info: Redefining \textprime on input line 299.
LaTeX Info: Redefining \not on input line 357.
 (D:\MiKTex\tex/latex/breqn\cmbase.sym
File: cmbase.sym 2007/12/19 v0.92
LaTeX Info: Redefining \hbar on input line 324.
LaTeX Info: Redefining \surd on input line 326.
LaTeX Info: Redefining \angle on input line 334.
LaTeX Info: Redefining \neq on input line 335.
LaTeX Info: Redefining \mapsto on input line 336.
LaTeX Info: Redefining \cong on input line 337.
LaTeX Info: Redefining \notin on input line 340.
LaTeX Info: Redefining \rightleftharpoons on input line 341.
LaTeX Info: Redefining \doteq on input line 342.
LaTeX Info: Redefining \hookrightarrow on input line 343.
LaTeX Info: Redefining \hookleftarrow on input line 344.
LaTeX Info: Redefining \bowtie on input line 345.
LaTeX Info: Redefining \models on input line 346.
LaTeX Info: Redefining \Longrightarrow on input line 347.
LaTeX Info: Redefining \longrightarrow on input line 348.
LaTeX Info: Redefining \Longleftarrow on input line 349.
LaTeX Info: Redefining \longleftarrow on input line 350.
LaTeX Info: Redefining \longmapsto on input line 351.
LaTeX Info: Redefining \longleftrightarrow on input line 352.
LaTeX Info: Redefining \Longleftrightarrow on input line 353.
LaTeX Info: Redefining \cdots on input line 357.
LaTeX Info: Redefining \vdots on input line 360.
LaTeX Info: Redefining \ddots on input line 365.
)
(D:\MiKTex\tex/latex/breqn\mathstyle.sty
Package: mathstyle 2020/09/24 v0.98k Tracking mathstyle implicitly
LaTeX Info: Redefining \displaystyle on input line 95.
LaTeX Info: Redefining \textstyle on input line 97.
LaTeX Info: Redefining \scriptstyle on input line 99.
LaTeX Info: Redefining \scriptscriptstyle on input line 101.
LaTeX Info: Redefining \genfrac on input line 149.
))
(D:\MiKTex\tex/latex/latex-tools\calc.sty
Package: calc 2017/05/25 v4.3 Infix arithmetic (KKT,FJ)
\calc@Acount=\count273
\calc@Bcount=\count274
\calc@Adimen=\dimen173
\calc@Bdimen=\dimen174
\calc@Askip=\skip53
\calc@Bskip=\skip54
LaTeX Info: Redefining \setlength on input line 80.
LaTeX Info: Redefining \addtolength on input line 81.
\calc@Ccount=\count275
\calc@Cskip=\skip55
)
\inf@bad=\count276
\maxint=\count277
\listwidth=\dimen175
\eqnumsep=\dimen176
\eqmargin=\dimen177
\eqlinespacing=\skip56
\eqlineskip=\skip57
\eqlineskiplimit=\dimen178
\eqbinoffset=\muskip17
\eqdelimoffset=\muskip18
\eqindentstep=\dimen179
\eqstyle=\toks22
\eqbreakdepth=\count278
\eqinterlinepenalty=\count279
\intereqpenalty=\count280
\intereqskip=\skip58
\prerelpenalty=\count281
\prebinoppenalty=\count282
\Dmedmuskip=\muskip19
\Dthickmuskip=\muskip20
\eqleftskip=\skip59
\eqrightskip=\skip60
\eq@vspan=\skip61
\eq@binoffset=\muskip21
\EQ@box=\box52
\EQ@copy=\box53
\EQ@numbox=\box54
\eq@wdNum=\dimen180
\GRP@numbox=\box55
\grp@wdNum=\dimen181
\eq@lines=\count283
\eq@curline=\count284
\eq@badness=\count285
\EQ@vims=\count286
\eq@dp=\dimen182
\eq@wdL=\dimen183
\eq@wdT=\dimen184
\eq@wdMin=\dimen185
\grp@wdL=\dimen186
\grp@wdR=\dimen187
\grp@wdT=\dimen188
\eq@wdRmax=\dimen189
\eq@firstht=\dimen190
\eq@wdCond=\dimen191
\eq@indentstep=\dimen192
\eq@linewidth=\dimen193
\grp@linewidth=\dimen194
\eq@hshift=\dimen195
\eq@given@sidespace=\dimen196
\mathindent=\dimen197
\eq@final@linecount=\count287
\eq@wdR=\dimen198
\EQ@continue=\toks23
\lr@level=\count288
\GRP@queue=\toks24
\GRP@box=\box56
\GRP@wholebox=\box57
\darraycolsep=\skip62
\cur@row=\count289
\cur@col=\count290
\conditionsep=\skip63
)
(D:\MiKTex\tex/latex/amsfonts\amssymb.sty
Package: amssymb 2013/01/14 v3.01 AMS font symbols

(D:\MiKTex\tex/latex/amsfonts\amsfonts.sty
Package: amsfonts 2013/01/14 v3.01 Basic AMSFonts support
\symAMSa=\mathgroup7
\symAMSb=\mathgroup8
LaTeX Font Info:    Overwriting math alphabet `\mathfrak' in version `bold'
(Font)                  U/euf/m/n --> U/euf/b/n on input line 106.
))
(D:\MiKTex\tex/latex/caption\subcaption.sty
Package: subcaption 2020/10/07 v1.3j Sub-captions (AR)

(D:\MiKTex\tex/latex/caption\caption.sty
Package: caption 2020/10/26 v3.5g Customizing captions (AR)

(D:\MiKTex\tex/latex/caption\caption3.sty
Package: caption3 2020/10/21 v2.2e caption3 kernel (AR)
\captionmargin=\dimen199
\captionmargin@=\dimen256
\captionwidth=\dimen257
\caption@tempdima=\dimen258
\caption@indent=\dimen259
\caption@parindent=\dimen260
\caption@hangindent=\dimen261
Package caption Info: Unknown document class (or package),
(caption)             standard defaults will be used.
Package caption Info: \@makecaption = \long macro:#1#2->\ifx \@captype \@IEEEta
blestring \footnotesize \bgroup \par \centering \@IEEEtabletopskipstrut {\norma
lfont \footnotesize #1}\\{\normalfont \footnotesize \scshape #2}\par \addvspace
 {0.5\baselineskip }\egroup \@IEEEtablecaptionsepspace \else \@IEEEfigurecaptio
nsepspace \setbox \@tempboxa \hbox {\normalfont \footnotesize {#1.}\nobreakspac
e \nobreakspace #2}\ifdim \wd \@tempboxa >\hsize \setbox \@tempboxa \hbox {\nor
malfont \footnotesize {#1.}\nobreakspace \nobreakspace }\parbox [t]{\hsize }{\n
ormalfont \footnotesize \noindent \unhbox \@tempboxa #2}\else \ifCLASSOPTIONcon
ference \hbox to\hsize {\normalfont \footnotesize \hfil \box \@tempboxa \hfil }
\else \hbox to\hsize {\normalfont \footnotesize \box \@tempboxa \hfil }\fi \fi 
\fi  on input line 1139.
)

Package caption Warning: Unknown document class (or package),
(caption)                standard defaults will be used.
See the caption package documentation for explanation.

\c@caption@flags=\count291
\c@continuedfloat=\count292
)
\c@subfigure=\count293
\c@subtable=\count294
) (D:\MiKTex\tex/latex/graphics\color.sty
Package: color 2020/02/24 v1.2b Standard LaTeX Color (DPC)

(D:\MiKTex\tex/latex/graphics-cfg\color.cfg
File: color.cfg 2016/01/02 v1.6 sample color configuration
)
Package color Info: Driver file: pdftex.def on input line 147.
)
(D:\MiKTex\tex/latex/xcolor\xcolor.sty
Package: xcolor 2016/05/11 v2.12 LaTeX color extensions (UK)

(D:\MiKTex\tex/latex/graphics-cfg\color.cfg
File: color.cfg 2016/01/02 v1.6 sample color configuration
)
Package xcolor Info: Package option `usenames' ignored on input line 216.
Package xcolor Info: Driver file: pdftex.def on input line 225.

(D:\MiKTex\tex/latex/colortbl\colortbl.sty
Package: colortbl 2020/01/04 v1.0e Color table columns (DPC)

(D:\MiKTex\tex/latex/latex-tools\array.sty
Package: array 2020/10/01 v2.5c Tabular extension package (FMi)
\col@sep=\dimen262
\ar@mcellbox=\box58
\extrarowheight=\dimen263
\NC@list=\toks25
\extratabsurround=\skip64
\backup@length=\skip65
\ar@cellbox=\box59
)
\everycr=\toks26
\minrowclearance=\skip66
)
LaTeX Info: Redefining \color on input line 709.
\rownum=\count295
Package xcolor Info: Model `cmy' substituted by `cmy0' on input line 1348.
Package xcolor Info: Model `hsb' substituted by `rgb' on input line 1352.
Package xcolor Info: Model `RGB' extended on input line 1364.
Package xcolor Info: Model `HTML' substituted by `rgb' on input line 1366.
Package xcolor Info: Model `Hsb' substituted by `hsb' on input line 1367.
Package xcolor Info: Model `tHsb' substituted by `hsb' on input line 1368.
Package xcolor Info: Model `HSB' substituted by `hsb' on input line 1369.
Package xcolor Info: Model `Gray' substituted by `gray' on input line 1370.
Package xcolor Info: Model `wave' substituted by `hsb' on input line 1371.

(D:\MiKTex\tex/latex/graphics\dvipsnam.def
File: dvipsnam.def 2016/06/17 v3.0m Driver-dependent file (DPC,SPQR)
)
(D:\MiKTex\tex/latex/xcolor\svgnam.def
File: svgnam.def 2016/05/11 v2.12 Predefined colors according to SVG 1.1 (UK)
))
(D:\MiKTex\tex/latex/latex-tools\tabularx.sty
Package: tabularx 2020/01/15 v2.11c `tabularx' package (DPC)
\TX@col@width=\dimen264
\TX@old@table=\dimen265
\TX@old@col=\dimen266
\TX@target=\dimen267
\TX@delta=\dimen268
\TX@cols=\count296
\TX@ftn=\toks27
)
(D:\MiKTex\tex/latex/multirow\multirow.sty
Package: multirow 2021/01/29 v2.7 Span multiple rows of a table
\multirow@colwidth=\skip67
\multirow@cntb=\count297
\multirow@dima=\skip68
\bigstrutjot=\dimen269
) (D:\MiKTex\tex/latex/url\url.sty
\Urlmuskip=\muskip22
Package: url 2013/09/16  ver 3.4  Verb mode for urls, etc.
)
(D:\MiKTex\tex/latex/enumitem\enumitem.sty
Package: enumitem 2019/06/20 v3.9 Customized lists
\labelindent=\skip69
\enit@outerparindent=\dimen270
\enit@toks=\toks28
\enit@inbox=\box60
\enit@count@id=\count298
\enitdp@description=\count299
)
(D:\MiKTex\tex/latex/makecell\makecell.sty
Package: makecell 2009/08/03 V0.1e Managing of Tab Column Heads and Cells
\rotheadsize=\dimen271
\c@nlinenum=\count300
\TeXr@lab=\toks29
)
(D:\MiKTex\tex/latex/adjustbox\adjustbox.sty
Package: adjustbox 2020/08/19 v1.3 Adjusting TeX boxes (trim, clip, ...)

(D:\MiKTex\tex/latex/xkeyval\xkeyval.sty
Package: xkeyval 2020/11/20 v2.8 package option processing (HA)

(D:\MiKTex\tex/generic/xkeyval\xkeyval.tex
(D:\MiKTex\tex/generic/xkeyval\xkvutils.tex
\XKV@toks=\toks30
\XKV@tempa@toks=\toks31
)
\XKV@depth=\count301
File: xkeyval.tex 2014/12/03 v2.7a key=value parser (HA)
))
(D:\MiKTex\tex/latex/adjustbox\adjcalc.sty
Package: adjcalc 2012/05/16 v1.1 Provides advanced setlength with multiple back
-ends (calc, etex, pgfmath)
)
(D:\MiKTex\tex/latex/adjustbox\trimclip.sty
Package: trimclip 2020/08/19 v1.2 Trim and clip general TeX material

(D:\MiKTex\tex/latex/collectbox\collectbox.sty
Package: collectbox 2012/05/17 v0.4b Collect macro arguments as boxes
\collectedbox=\box61
)
\tc@llx=\dimen272
\tc@lly=\dimen273
\tc@urx=\dimen274
\tc@ury=\dimen275
Package trimclip Info: Using driver 'tc-pdftex.def'.

(D:\MiKTex\tex/latex/adjustbox\tc-pdftex.def
File: tc-pdftex.def 2019/01/04 v2.2 Clipping driver for pdftex
))
\adjbox@Width=\dimen276
\adjbox@Height=\dimen277
\adjbox@Depth=\dimen278
\adjbox@Totalheight=\dimen279
\adjbox@pwidth=\dimen280
\adjbox@pheight=\dimen281
\adjbox@pdepth=\dimen282
\adjbox@ptotalheight=\dimen283

(D:\MiKTex\tex/latex/ifoddpage\ifoddpage.sty
Package: ifoddpage 2016/04/23 v1.1 Conditionals for odd/even page detection
\c@checkoddpage=\count302
)
(D:\MiKTex\tex/latex/varwidth\varwidth.sty
Package: varwidth 2009/03/30 ver 0.92;  Variable-width minipages
\@vwid@box=\box62
\sift@deathcycles=\count303
\@vwid@loff=\dimen284
\@vwid@roff=\dimen285
))
(D:\MiKTex\tex/latex/booktabs\booktabs.sty
Package: booktabs 2020/01/12 v1.61803398 Publication quality tables
\heavyrulewidth=\dimen286
\lightrulewidth=\dimen287
\cmidrulewidth=\dimen288
\belowrulesep=\dimen289
\belowbottomsep=\dimen290
\aboverulesep=\dimen291
\abovetopsep=\dimen292
\cmidrulesep=\dimen293
\cmidrulekern=\dimen294
\defaultaddspace=\dimen295
\@cmidla=\count304
\@cmidlb=\count305
\@aboverulesep=\dimen296
\@belowrulesep=\dimen297
\@thisruleclass=\count306
\@lastruleclass=\count307
\@thisrulewidth=\dimen298
)
(D:\MiKTex\tex/latex/hyperref\hyperref.sty
Package: hyperref 2021-02-10 v7.00j Hypertext links for LaTeX

(D:\MiKTex\tex/generic/ltxcmds\ltxcmds.sty
Package: ltxcmds 2020-05-10 v1.25 LaTeX kernel commands for general use (HO)
)
(D:\MiKTex\tex/generic/iftex\iftex.sty
Package: iftex 2020/03/06 v1.0d TeX engine tests
)
(D:\MiKTex\tex/generic/pdftexcmds\pdftexcmds.sty
Package: pdftexcmds 2020-06-27 v0.33 Utility functions of pdfTeX for LuaTeX (HO
)

(D:\MiKTex\tex/generic/infwarerr\infwarerr.sty
Package: infwarerr 2019/12/03 v1.5 Providing info/warning/error messages (HO)
)
Package pdftexcmds Info: \pdf@primitive is available.
Package pdftexcmds Info: \pdf@ifprimitive is available.
Package pdftexcmds Info: \pdfdraftmode found.
)
(D:\MiKTex\tex/generic/kvsetkeys\kvsetkeys.sty
Package: kvsetkeys 2019/12/15 v1.18 Key value parser (HO)
)
(D:\MiKTex\tex/generic/kvdefinekeys\kvdefinekeys.sty
Package: kvdefinekeys 2019-12-19 v1.6 Define keys (HO)
)
(D:\MiKTex\tex/generic/pdfescape\pdfescape.sty
Package: pdfescape 2019/12/09 v1.15 Implements pdfTeX's escape features (HO)
)
(D:\MiKTex\tex/latex/hycolor\hycolor.sty
Package: hycolor 2020-01-27 v1.10 Color options for hyperref/bookmark (HO)
)
(D:\MiKTex\tex/latex/letltxmacro\letltxmacro.sty
Package: letltxmacro 2019/12/03 v1.6 Let assignment for LaTeX macros (HO)
)
(D:\MiKTex\tex/latex/auxhook\auxhook.sty
Package: auxhook 2019-12-17 v1.6 Hooks for auxiliary files (HO)
)
(D:\MiKTex\tex/latex/kvoptions\kvoptions.sty
Package: kvoptions 2020-10-07 v3.14 Key value format for package options (HO)
)
\@linkdim=\dimen299
\Hy@linkcounter=\count308
\Hy@pagecounter=\count309

(D:\MiKTex\tex/latex/hyperref\pd1enc.def
File: pd1enc.def 2021-02-10 v7.00j Hyperref: PDFDocEncoding definition (HO)
Now handling font encoding PD1 ...
... no UTF-8 mapping file for font encoding PD1
)
(D:\MiKTex\tex/latex/hyperref\hyperref-langpatches.def
File: hyperref-langpatches.def 2021-02-10 v7.00j Hyperref: patches for babel la
nguages
)
(D:\MiKTex\tex/generic/intcalc\intcalc.sty
Package: intcalc 2019/12/15 v1.3 Expandable calculations with integers (HO)
)
(D:\MiKTex\tex/generic/etexcmds\etexcmds.sty
Package: etexcmds 2019/12/15 v1.7 Avoid name clashes with e-TeX commands (HO)
)
\Hy@SavedSpaceFactor=\count310

(D:\MiKTex\tex/latex/hyperref\puenc.def
File: puenc.def 2021-02-10 v7.00j Hyperref: PDF Unicode definition (HO)
Now handling font encoding PU ...
... no UTF-8 mapping file for font encoding PU
)
Package hyperref Info: Hyper figures OFF on input line 4192.
Package hyperref Info: Link nesting OFF on input line 4197.
Package hyperref Info: Hyper index ON on input line 4200.
Package hyperref Info: Plain pages OFF on input line 4207.
Package hyperref Info: Backreferencing OFF on input line 4212.
Package hyperref Info: Implicit mode ON; LaTeX internals redefined.
Package hyperref Info: Bookmarks ON on input line 4445.
\c@Hy@tempcnt=\count311
LaTeX Info: Redefining \url on input line 4804.
\XeTeXLinkMargin=\dimen300

(D:\MiKTex\tex/generic/bitset\bitset.sty
Package: bitset 2019/12/09 v1.3 Handle bit-vector datatype (HO)

(D:\MiKTex\tex/generic/bigintcalc\bigintcalc.sty
Package: bigintcalc 2019/12/15 v1.5 Expandable calculations on big integers (HO
)
))
\Fld@menulength=\count312
\Field@Width=\dimen301
\Fld@charsize=\dimen302
Package hyperref Info: Hyper figures OFF on input line 6075.
Package hyperref Info: Link nesting OFF on input line 6080.
Package hyperref Info: Hyper index ON on input line 6083.
Package hyperref Info: backreferencing OFF on input line 6090.
Package hyperref Info: Link coloring OFF on input line 6095.
Package hyperref Info: Link coloring with OCG OFF on input line 6100.
Package hyperref Info: PDF/A mode OFF on input line 6105.
LaTeX Info: Redefining \ref on input line 6145.
LaTeX Info: Redefining \pageref on input line 6149.

(D:\MiKTex\tex/latex/base\atbegshi-ltx.sty
Package: atbegshi-ltx 2020/08/17 v1.0a Emulation of the original atbegshi packa
ge
with kernel methods
)
\Hy@abspage=\count313
\c@Item=\count314
\c@Hfootnote=\count315
)
Package hyperref Info: Driver (autodetected): hpdftex.

(D:\MiKTex\tex/latex/hyperref\hpdftex.def
File: hpdftex.def 2021-02-10 v7.00j Hyperref driver for pdfTeX

(D:\MiKTex\tex/latex/base\atveryend-ltx.sty
Package: atveryend-ltx 2020/08/19 v1.0a Emulation of the original atvery packag
e
with kernel methods
)
\Fld@listcount=\count316
\c@bookmark@seq@number=\count317

(D:\MiKTex\tex/latex/rerunfilecheck\rerunfilecheck.sty
Package: rerunfilecheck 2019/12/05 v1.9 Rerun checks for auxiliary files (HO)

(D:\MiKTex\tex/generic/uniquecounter\uniquecounter.sty
Package: uniquecounter 2019/12/15 v1.4 Provide unlimited unique counter (HO)
)
Package uniquecounter Info: New unique counter `rerunfilecheck' on input line 2
86.
)
\Hy@SectionHShift=\skip70
)
Package hyperref Info: Option `colorlinks' set `true' on input line 26.

(settings/def_macros.tex) (project_main.aux)
\openout1 = `project_main.aux'.

LaTeX Font Info:    Checking defaults for OML/cmm/m/it on input line 37.
LaTeX Font Info:    ... okay on input line 37.
LaTeX Font Info:    Checking defaults for OMS/cmsy/m/n on input line 37.
LaTeX Font Info:    ... okay on input line 37.
LaTeX Font Info:    Checking defaults for OT1/cmr/m/n on input line 37.
LaTeX Font Info:    ... okay on input line 37.
LaTeX Font Info:    Checking defaults for T1/cmr/m/n on input line 37.
LaTeX Font Info:    ... okay on input line 37.
LaTeX Font Info:    Checking defaults for TS1/cmr/m/n on input line 37.
LaTeX Font Info:    ... okay on input line 37.
LaTeX Font Info:    Checking defaults for OMX/cmex/m/n on input line 37.
LaTeX Font Info:    ... okay on input line 37.
LaTeX Font Info:    Checking defaults for U/cmr/m/n on input line 37.
LaTeX Font Info:    ... okay on input line 37.
LaTeX Font Info:    Checking defaults for PD1/pdf/m/n on input line 37.
LaTeX Font Info:    ... okay on input line 37.
LaTeX Font Info:    Checking defaults for PU/pdf/m/n on input line 37.
LaTeX Font Info:    ... okay on input line 37.

-- Lines per column: 58 (exact).
(D:\MiKTex\tex/context/base/mkii\supp-pdf.mkii
[Loading MPS to PDF converter (version 2006.09.02).]
\scratchcounter=\count318
\scratchdimen=\dimen303
\scratchbox=\box63
\nofMPsegments=\count319
\nofMParguments=\count320
\everyMPshowfont=\toks32
\MPscratchCnt=\count321
\MPscratchDim=\dimen304
\MPnumerator=\count322
\makeMPintoPDFobject=\count323
\everyMPtoPDFconversion=\toks33
) (D:\MiKTex\tex/latex/epstopdf-pkg\epstopdf-base.sty
Package: epstopdf-base 2020-01-24 v2.11 Base part for package epstopdf
Package epstopdf-base Info: Redefining graphics rule for `.eps' on input line 4
85.
)
Package caption Info: Begin \AtBeginDocument code.
Package caption Info: hyperref package is loaded.
Package caption Info: End \AtBeginDocument code.
Package hyperref Info: Link coloring ON on input line 37.

(D:\MiKTex\tex/latex/hyperref\nameref.sty
Package: nameref 2021-04-02 v2.47 Cross-referencing by name of section

(D:\MiKTex\tex/latex/refcount\refcount.sty
Package: refcount 2019/12/15 v3.6 Data extraction from label references (HO)
)
(D:\MiKTex\tex/generic/gettitlestring\gettitlestring.sty
Package: gettitlestring 2019/12/15 v1.6 Cleanup title references (HO)
)
\c@section@level=\count324
)
LaTeX Info: Redefining \ref on input line 37.
LaTeX Info: Redefining \pageref on input line 37.
LaTeX Info: Redefining \nameref on input line 37.
 (project_main.out)
(project_main.out)
\@outlinefile=\write3
\openout3 = `project_main.out'.

 (sections/abstract.tex) (sections/introduction.tex
<images/fashion-mnist-sprite.png, id=31, 607.068pt x 607.068pt>
File: images/fashion-mnist-sprite.png Graphic file (type png)
<use images/fashion-mnist-sprite.png>
Package pdftex.def Info: images/fashion-mnist-sprite.png  used on input line 7.

(pdftex.def)             Requested size: 252.0pt x 251.99336pt.

Underfull \hbox (badness 10000) in paragraph at lines 3--11
[]\OT1/ptm/m/n/10 e cos-ti-tu-ito da im-mag-ini grayscale 28x28 di capi
 []

LaTeX Font Info:    Trying to load font information for U+msa on input line 14.

(D:\MiKTex\tex/latex/amsfonts\umsa.fd
File: umsa.fd 2013/01/14 v3.01 AMS symbols A
)
LaTeX Font Info:    Trying to load font information for U+msb on input line 14.

 (D:\MiKTex\tex/latex/amsfonts\umsb.fd
File: umsb.fd 2013/01/14 v3.01 AMS symbols B
))
(sections/related_work.tex) (sections/approach.tex
<images/train_sample_distribution2.png, id=45, 385.9218pt x 286.1892pt>
File: images/train_sample_distribution2.png Graphic file (type png)
<use images/train_sample_distribution2.png>
Package pdftex.def Info: images/train_sample_distribution2.png  used on input l
ine 5.
(pdftex.def)             Requested size: 252.0pt x 186.88103pt.
 [1{C:/Users/Paolo/AppData/Local/MiKTeX/pdftex/config/pdftex.map}


 <./images/fashion-mnist-sprite.png>]
<images/test_sample_distribution2.png, id=67, 388.0899pt x 286.9119pt>
File: images/test_sample_distribution2.png Graphic file (type png)
<use images/test_sample_distribution2.png>
Package pdftex.def Info: images/test_sample_distribution2.png  used on input li
ne 12.
(pdftex.def)             Requested size: 252.0pt x 186.30664pt.
<images/CustomNetArchitecture.png, id=69, 489.62926pt x 369.17924pt>
File: images/CustomNetArchitecture.png Graphic file (type png)
<use images/CustomNetArchitecture.png>
Package pdftex.def Info: images/CustomNetArchitecture.png  used on input line 4
6.
(pdftex.def)             Requested size: 252.0pt x 190.00832pt.

[2 <./images/train_sample_distribution2.png> <./images/test_sample_distribution
2.png> <./images/CustomNetArchitecture.png>]
<images/MaxPoolSample2.png, id=98, 164.25pt x 68.547pt>
File: images/MaxPoolSample2.png Graphic file (type png)
<use images/MaxPoolSample2.png>
Package pdftex.def Info: images/MaxPoolSample2.png  used on input line 55.
(pdftex.def)             Requested size: 252.0pt x 105.17671pt.
<images/ilsvrc_winners.png, id=101, 1081.03876pt x 608.2725pt>
File: images/ilsvrc_winners.png Graphic file (type png)
<use images/ilsvrc_winners.png>
Package pdftex.def Info: images/ilsvrc_winners.png  used on input line 65.
(pdftex.def)             Requested size: 252.0pt x 141.79315pt.
) (sections/experiments.tex
<images/layer1_filter.png, id=103, 446.6286pt x 230.5413pt>
File: images/layer1_filter.png Graphic file (type png)
<use images/layer1_filter.png>
Package pdftex.def Info: images/layer1_filter.png  used on input line 6.
(pdftex.def)             Requested size: 252.0pt x 130.07666pt.
<images/customNet_featureMap2.png, id=105, 869.4081pt x 192.9609pt>
File: images/customNet_featureMap2.png Graphic file (type png)
<use images/customNet_featureMap2.png>
Package pdftex.def Info: images/customNet_featureMap2.png  used on input line 1
3.
(pdftex.def)             Requested size: 252.0pt x 55.93073pt.

[3 <./images/MaxPoolSample2.png> <./images/ilsvrc_winners.png> <./images/layer1
_filter.png> <./images/customNet_featureMap2.png>]
<images/CustomNetScore1bis.png, id=126, 445.9059pt x 333.8874pt>
File: images/CustomNetScore1bis.png Graphic file (type png)
<use images/CustomNetScore1bis.png>
Package pdftex.def Info: images/CustomNetScore1bis.png  used on input line 22.
(pdftex.def)             Requested size: 252.0pt x 188.69768pt.
<images/ResNetScore.png, id=127, 462.528pt x 346.896pt>
File: images/ResNetScore.png Graphic file (type png)
<use images/ResNetScore.png>
Package pdftex.def Info: images/ResNetScore.png  used on input line 28.
(pdftex.def)             Requested size: 252.0pt x 189.00427pt.
<images/confusion_matrix1.png, id=128, 384.4764pt x 387.3672pt>
File: images/confusion_matrix1.png Graphic file (type png)
<use images/confusion_matrix1.png>
Package pdftex.def Info: images/confusion_matrix1.png  used on input line 60.
(pdftex.def)             Requested size: 252.0pt x 253.89583pt.
) (sections/conclusions.tex
[4 <./images/CustomNetScore1bis.png> <./images/ResNetScore.png> <./images/confu
sion_matrix1.png>]
<images/shirt6bis.png, id=142, 269.5671pt x 286.1892pt>
File: images/shirt6bis.png Graphic file (type png)
<use images/shirt6bis.png>
Package pdftex.def Info: images/shirt6bis.png  used on input line 6.
(pdftex.def)             Requested size: 113.81102pt x 120.82745pt.
<images/tshirt0bis.png, id=143, 271.7352pt x 285.4665pt>
File: images/tshirt0bis.png Graphic file (type png)
<use images/tshirt0bis.png>
Package pdftex.def Info: images/tshirt0bis.png  used on input line 7.
(pdftex.def)             Requested size: 113.81102pt x 119.5597pt.
<images/pullover2bis.png, id=144, 271.7352pt x 284.0211pt>
File: images/pullover2bis.png Graphic file (type png)
<use images/pullover2bis.png>
Package pdftex.def Info: images/pullover2bis.png  used on input line 8.
(pdftex.def)             Requested size: 113.81102pt x 118.95433pt.
<images/dress3bis.png, id=145, 270.2898pt x 286.1892pt>
File: images/dress3bis.png Graphic file (type png)
<use images/dress3bis.png>
Package pdftex.def Info: images/dress3bis.png  used on input line 9.
(pdftex.def)             Requested size: 113.81102pt x 120.50432pt.
<images/coat4bis.png, id=146, 273.9033pt x 286.1892pt>
File: images/coat4bis.png Graphic file (type png)
<use images/coat4bis.png>
Package pdftex.def Info: images/coat4bis.png  used on input line 10.
(pdftex.def)             Requested size: 113.81102pt x 118.91476pt.
<images/sandal5bis.png, id=147, 271.0125pt x 287.6346pt>
File: images/sandal5bis.png Graphic file (type png)
<use images/sandal5bis.png>
Package pdftex.def Info: images/sandal5bis.png  used on input line 17.
(pdftex.def)             Requested size: 113.81102pt x 120.79253pt.
<images/sneaker7bis.png, id=148, 268.8444pt x 283.2984pt>
File: images/sneaker7bis.png Graphic file (type png)
<use images/sneaker7bis.png>
Package pdftex.def Info: images/sneaker7bis.png  used on input line 18.
(pdftex.def)             Requested size: 113.81102pt x 119.92688pt.
<images/ankleboot9bis.png, id=149, 271.0125pt x 287.6346pt>
File: images/ankleboot9bis.png Graphic file (type png)
<use images/ankleboot9bis.png>
Package pdftex.def Info: images/ankleboot9bis.png  used on input line 19.
(pdftex.def)             Requested size: 113.81102pt x 120.79253pt.

Underfull \hbox (badness 1946) in paragraph at lines 3--24
\OT1/ptm/m/n/10 vedere dalla con-fu-sion ma-trix questa viene con-fusa da
 []


Underfull \hbox (badness 10000) in paragraph at lines 3--24

 []

) (project_main.bbl) [5 <./images/shirt6bis.png> <./images/tshirt0bis.png> <./i
mages/pullover2bis.png> <./images/dress3bis.png> <./images/coat4bis.png> <./ima
ges/sandal5bis.png> <./images/sneaker7bis.png> <./images/ankleboot9bis.png>]
(project_main.aux)
Package rerunfilecheck Info: File `project_main.out' has not changed.
(rerunfilecheck)             Checksum: 879C775A1A4D5BA4861C93CE09D2A8C8;626.
 ) 
Here is how much of TeX's memory you used:
 14557 strings out of 479334
 219604 string characters out of 2873605
 546189 words of memory out of 3000000
 31670 multiletter control sequences out of 15000+200000
 446630 words of font info for 114 fonts, out of 3000000 for 9000
 1141 hyphenation exceptions out of 8191
 83i,11n,89p,851b,378s stack positions out of 5000i,500n,10000p,200000b,50000s
{D:/MiKTex/fonts/enc/dvips/base/8r.enc}<D:/MiKTex/fonts/type1/public/amsfonts
/cm/cmmi10.pfb><D:/MiKTex/fonts/type1/public/amsfonts/cm/cmr10.pfb><D:/MiKTex/f
onts/type1/public/amsfonts/cm/cmsy10.pfb><D:/MiKTex/fonts/type1/public/amsfonts
/cm/cmsy7.pfb><D:/MiKTex/fonts/type1/urw/times/utmb8a.pfb><D:/MiKTex/fonts/type
1/urw/times/utmbi8a.pfb><D:/MiKTex/fonts/type1/urw/times/utmr8a.pfb><D:/MiKTex/
fonts/type1/urw/times/utmri8a.pfb>
Output written on project_main.pdf (5 pages, 1148956 bytes).
PDF statistics:
 207 PDF objects out of 1000 (max. 8388607)
 56 named destinations out of 1000 (max. 500000)
 144 words of extra memory for PDF output out of 10000 (max. 10000000)

